cl : Command line warning D9002: ignoring unknown option '-O3'
  main.cpp
  Agent.cpp
c:\users\algirdas\downloads\new folder\deway\src\Entity.h(34): warning C4018: '<': signed/unsigned mismatch
  C:\Users\Algirdas\Downloads\New folder\deway\src\component\Agent.cpp(19): note: see reference to function template instantiation 'ComponentType *kelp::Entity::getComponent<kelp::Transform>(void)' being compiled
          with
          [
              ComponentType=kelp::Transform
          ]
c:\users\algirdas\downloads\new folder\deway\src\Entity.h(40): warning C4018: '<': signed/unsigned mismatch
  Empty.cpp
C:\Users\Algirdas\Downloads\New folder\deway\src\component\Empty.cpp(153): warning C4244: 'initializing': conversion from 'double' to 'float', possible loss of data
C:\Users\Algirdas\Downloads\New folder\deway\src\component\Empty.cpp(154): warning C4244: 'initializing': conversion from 'double' to 'float', possible loss of data
c:\users\algirdas\downloads\new folder\deway\src\Entity.h(34): warning C4018: '<': signed/unsigned mismatch
  C:\Users\Algirdas\Downloads\New folder\deway\src\component\Empty.cpp(31): note: see reference to function template instantiation 'ComponentType *kelp::Entity::getComponent<kelp::Camera>(void)' being compiled
          with
          [
              ComponentType=kelp::Camera
          ]
c:\users\algirdas\downloads\new folder\deway\src\Entity.h(40): warning C4018: '<': signed/unsigned mismatch
  World_0.cpp
C:\Users\Algirdas\Downloads\New folder\deway\src\world\World_0.cpp(415): warning C4244: 'argument': conversion from 'int' to 'kep::real', possible loss of data
  AABB.cpp
  ContGen.cpp
  NMGen.cpp
  TriGen.cpp
  Triangle.cpp
  TriangleO.cpp
  Voxel.cpp
  Loc.cpp
  PathFinder.cpp
  Ray.cpp
  Generating Code...
cl : Command line warning D9002: ignoring unknown option '-O3'
  Core.cpp
cl : Command line warning D9002: ignoring unknown option '-O3'
  World.cpp
C:\Users\Algirdas\Downloads\New folder\deway\src\World.cpp(20): warning C4018: '<': signed/unsigned mismatch
C:\Users\Algirdas\Downloads\New folder\deway\src\World.cpp(28): warning C4018: '<': signed/unsigned mismatch
C:\Users\Algirdas\Downloads\New folder\deway\src\World.cpp(30): warning C4018: '<': signed/unsigned mismatch
C:\Users\Algirdas\Downloads\New folder\deway\src\World.cpp(43): warning C4018: '<': signed/unsigned mismatch
C:\Users\Algirdas\Downloads\New folder\deway\src\World.cpp(55): warning C4018: '<': signed/unsigned mismatch
C:\Users\Algirdas\Downloads\New folder\deway\src\World.cpp(60): warning C4018: '<': signed/unsigned mismatch
C:\Users\Algirdas\Downloads\New folder\deway\src\World.cpp(68): warning C4018: '<': signed/unsigned mismatch
C:\Users\Algirdas\Downloads\New folder\deway\src\World.cpp(83): warning C4018: '<': signed/unsigned mismatch
  deway-demo.vcxproj -> C:\Users\Algirdas\Downloads\New folder\deway\build\bin\deway-demo.exe
